# JRE version: OpenJDK Runtime Environment (7.0_45-b31) (build 1.7.0_45-b31)
# Java VM: OpenJDK 64-Bit Server VM (24.45-b08 mixed mode linux-amd64 compressed oops)
Heap
 PSYoungGen      total 209408K, used 17801K [0x00000000eaa80000, 0x00000000fb800000, 0x0000000100000000)
  eden space 183808K, 0% used [0x00000000eaa80000,0x00000000eaa80000,0x00000000f5e00000)
  from space 25600K, 69% used [0x00000000f9f00000,0x00000000fb062748,0x00000000fb800000)
  to   space 26624K, 0% used [0x00000000f5e00000,0x00000000f5e00000,0x00000000f7800000)
 ParOldGen       total 75776K, used 35938K [0x00000000c0000000, 0x00000000c4a00000, 0x00000000eaa80000)
  object space 75776K, 47% used [0x00000000c0000000,0x00000000c23189a8,0x00000000c4a00000)
 PSPermGen       total 88064K, used 45374K [0x00000000b0000000, 0x00000000b5600000, 0x00000000c0000000)
  object space 88064K, 51% used [0x00000000b0000000,0x00000000b2c4f9d8,0x00000000b5600000)
GC Heap History (10 events):
Event: 6.880 GC heap after
Heap after GC invocations=9 (full 0):
 PSYoungGen      total 133632K, used 14336K [0x00000000eaa80000, 0x00000000f8b00000, 0x0000000100000000)
  eden space 119296K, 0% used [0x00000000eaa80000,0x00000000eaa80000,0x00000000f1f00000)
  from space 14336K, 100% used [0x00000000f1f00000,0x00000000f2d00000,0x00000000f2d00000)
  to   space 19456K, 0% used [0x00000000f7800000,0x00000000f7800000,0x00000000f8b00000)
 ParOldGen       total 40960K, used 22878K [0x00000000c0000000, 0x00000000c2800000, 0x00000000eaa80000)
  object space 40960K, 55% used [0x00000000c0000000,0x00000000c1657b58,0x00000000c2800000)
 PSPermGen       total 31744K, used 31242K [0x00000000b0000000, 0x00000000b1f00000, 0x00000000c0000000)
  object space 31744K, 98% used [0x00000000b0000000,0x00000000b1e82b18,0x00000000b1f00000)
}
Event: 9.760 GC heap before
{Heap before GC invocations=10 (full 0):
 PSYoungGen      total 133632K, used 133632K [0x00000000eaa80000, 0x00000000f8b00000, 0x0000000100000000)
  eden space 119296K, 100% used [0x00000000eaa80000,0x00000000f1f00000,0x00000000f1f00000)
  from space 14336K, 100% used [0x00000000f1f00000,0x00000000f2d00000,0x00000000f2d00000)
  to   space 19456K, 0% used [0x00000000f7800000,0x00000000f7800000,0x00000000f8b00000)
 ParOldGen       total 40960K, used 22878K [0x00000000c0000000, 0x00000000c2800000, 0x00000000eaa80000)
  object space 40960K, 55% used [0x00000000c0000000,0x00000000c1657b58,0x00000000c2800000)
 PSPermGen       total 38400K, used 38278K [0x00000000b0000000, 0x00000000b2580000, 0x00000000c0000000)
  object space 38400K, 99% used [0x00000000b0000000,0x00000000b2561a10,0x00000000b2580000)
Event: 9.806 GC heap after
Heap after GC invocations=10 (full 0):
 PSYoungGen      total 203264K, used 19443K [0x00000000eaa80000, 0x00000000f9900000, 0x0000000100000000)
  eden space 183808K, 0% used [0x00000000eaa80000,0x00000000eaa80000,0x00000000f5e00000)
  from space 19456K, 99% used [0x00000000f7800000,0x00000000f8afcdf8,0x00000000f8b00000)
  to   space 26624K, 0% used [0x00000000f5e00000,0x00000000f5e00000,0x00000000f7800000)
 ParOldGen       total 40960K, used 33797K [0x00000000c0000000, 0x00000000c2800000, 0x00000000eaa80000)
  object space 40960K, 82% used [0x00000000c0000000,0x00000000c2101780,0x00000000c2800000)
 PSPermGen       total 38400K, used 38278K [0x00000000b0000000, 0x00000000b2580000, 0x00000000c0000000)
  object space 38400K, 99% used [0x00000000b0000000,0x00000000b2561a10,0x00000000b2580000)
}
Event: 9.809 GC heap before
{Heap before GC invocations=11 (full 1):
 PSYoungGen      total 203264K, used 19443K [0x00000000eaa80000, 0x00000000f9900000, 0x0000000100000000)
  eden space 183808K, 0% used [0x00000000eaa80000,0x00000000eaa80000,0x00000000f5e00000)
  from space 19456K, 99% used [0x00000000f7800000,0x00000000f8afcdf8,0x00000000f8b00000)
  to   space 26624K, 0% used [0x00000000f5e00000,0x00000000f5e00000,0x00000000f7800000)
 ParOldGen       total 40960K, used 33797K [0x00000000c0000000, 0x00000000c2800000, 0x00000000eaa80000)
  object space 40960K, 82% used [0x00000000c0000000,0x00000000c2101780,0x00000000c2800000)
 PSPermGen       total 38400K, used 38278K [0x00000000b0000000, 0x00000000b2580000, 0x00000000c0000000)
  object space 38400K, 99% used [0x00000000b0000000,0x00000000b2561a10,0x00000000b2580000)
Event: 10.148 GC heap after
Heap after GC invocations=11 (full 1):
 PSYoungGen      total 203264K, used 2478K [0x00000000eaa80000, 0x00000000f9900000, 0x0000000100000000)
  eden space 183808K, 0% used [0x00000000eaa80000,0x00000000eaa80000,0x00000000f5e00000)
  from space 19456K, 12% used [0x00000000f7800000,0x00000000f7a6ba78,0x00000000f8b00000)
  to   space 26624K, 0% used [0x00000000f5e00000,0x00000000f5e00000,0x00000000f7800000)
 ParOldGen       total 75776K, used 40733K [0x00000000c0000000, 0x00000000c4a00000, 0x00000000eaa80000)
  object space 75776K, 53% used [0x00000000c0000000,0x00000000c27c75a8,0x00000000c4a00000)
 PSPermGen       total 76800K, used 38259K [0x00000000b0000000, 0x00000000b4b00000, 0x00000000c0000000)
  object space 76800K, 49% used [0x00000000b0000000,0x00000000b255cc10,0x00000000b4b00000)
}
Event: 42.318 GC heap before
{Heap before GC invocations=12 (full 1):
 PSYoungGen      total 203264K, used 83642K [0x00000000eaa80000, 0x00000000f9900000, 0x0000000100000000)
  eden space 183808K, 44% used [0x00000000eaa80000,0x00000000ef9c2fc8,0x00000000f5e00000)
  from space 19456K, 12% used [0x00000000f7800000,0x00000000f7a6ba78,0x00000000f8b00000)
  to   space 26624K, 0% used [0x00000000f5e00000,0x00000000f5e00000,0x00000000f7800000)
 ParOldGen       total 75776K, used 40733K [0x00000000c0000000, 0x00000000c4a00000, 0x00000000eaa80000)
  object space 75776K, 53% used [0x00000000c0000000,0x00000000c27c75a8,0x00000000c4a00000)
 PSPermGen       total 76800K, used 40473K [0x00000000b0000000, 0x00000000b4b00000, 0x00000000c0000000)
  object space 76800K, 52% used [0x00000000b0000000,0x00000000b2786520,0x00000000b4b00000)
Event: 42.344 GC heap after
Heap after GC invocations=12 (full 1):
 PSYoungGen      total 210432K, used 6085K [0x00000000eaa80000, 0x00000000fb800000, 0x0000000100000000)
  eden space 183808K, 0% used [0x00000000eaa80000,0x00000000eaa80000,0x00000000f5e00000)
  from space 26624K, 22% used [0x00000000f5e00000,0x00000000f63f1438,0x00000000f7800000)
  to   space 25600K, 0% used [0x00000000f9f00000,0x00000000f9f00000,0x00000000fb800000)
 ParOldGen       total 75776K, used 42995K [0x00000000c0000000, 0x00000000c4a00000, 0x00000000eaa80000)
  object space 75776K, 56% used [0x00000000c0000000,0x00000000c29fcec8,0x00000000c4a00000)
 PSPermGen       total 76800K, used 40473K [0x00000000b0000000, 0x00000000b4b00000, 0x00000000c0000000)
  object space 76800K, 52% used [0x00000000b0000000,0x00000000b2786520,0x00000000b4b00000)
}
Event: 42.345 GC heap before
{Heap before GC invocations=13 (full 2):
 PSYoungGen      total 210432K, used 6085K [0x00000000eaa80000, 0x00000000fb800000, 0x0000000100000000)
  eden space 183808K, 0% used [0x00000000eaa80000,0x00000000eaa80000,0x00000000f5e00000)
  from space 26624K, 22% used [0x00000000f5e00000,0x00000000f63f1438,0x00000000f7800000)
  to   space 25600K, 0% used [0x00000000f9f00000,0x00000000f9f00000,0x00000000fb800000)
 ParOldGen       total 75776K, used 42995K [0x00000000c0000000, 0x00000000c4a00000, 0x00000000eaa80000)
  object space 75776K, 56% used [0x00000000c0000000,0x00000000c29fcec8,0x00000000c4a00000)
 PSPermGen       total 76800K, used 40473K [0x00000000b0000000, 0x00000000b4b00000, 0x00000000c0000000)
  object space 76800K, 52% used [0x00000000b0000000,0x00000000b2786520,0x00000000b4b00000)
Event: 42.619 GC heap after
Heap after GC invocations=13 (full 2):
 PSYoungGen      total 210432K, used 0K [0x00000000eaa80000, 0x00000000fb800000, 0x0000000100000000)
  eden space 183808K, 0% used [0x00000000eaa80000,0x00000000eaa80000,0x00000000f5e00000)
  from space 26624K, 0% used [0x00000000f5e00000,0x00000000f5e00000,0x00000000f7800000)
  to   space 25600K, 0% used [0x00000000f9f00000,0x00000000f9f00000,0x00000000fb800000)
 ParOldGen       total 75776K, used 35938K [0x00000000c0000000, 0x00000000c4a00000, 0x00000000eaa80000)
  object space 75776K, 47% used [0x00000000c0000000,0x00000000c23189a8,0x00000000c4a00000)
 PSPermGen       total 88064K, used 40472K [0x00000000b0000000, 0x00000000b5600000, 0x00000000c0000000)
  object space 88064K, 45% used [0x00000000b0000000,0x00000000b2786188,0x00000000b5600000)
}
Event: 96.503 GC heap before
{Heap before GC invocations=14 (full 2):
 PSYoungGen      total 210432K, used 183808K [0x00000000eaa80000, 0x00000000fb800000, 0x0000000100000000)
  eden space 183808K, 100% used [0x00000000eaa80000,0x00000000f5e00000,0x00000000f5e00000)
  from space 26624K, 0% used [0x00000000f5e00000,0x00000000f5e00000,0x00000000f7800000)
  to   space 25600K, 0% used [0x00000000f9f00000,0x00000000f9f00000,0x00000000fb800000)
 ParOldGen       total 75776K, used 35938K [0x00000000c0000000, 0x00000000c4a00000, 0x00000000eaa80000)
  object space 75776K, 47% used [0x00000000c0000000,0x00000000c23189a8,0x00000000c4a00000)
 PSPermGen       total 88064K, used 45374K [0x00000000b0000000, 0x00000000b5600000, 0x00000000c0000000)
  object space 88064K, 51% used [0x00000000b0000000,0x00000000b2c4f9d8,0x00000000b5600000)

