# JRE version: OpenJDK Runtime Environment (7.0_45-b31) (build 1.7.0_45-b31)
# Java VM: OpenJDK 64-Bit Server VM (24.45-b08 mixed mode linux-amd64 compressed oops)
Heap
 PSYoungGen      total 254976K, used 9696K [0x00000000eaa80000, 0x00000000fad80000, 0x0000000100000000)
  eden space 245248K, 0% used [0x00000000eaa80000,0x00000000eaa80000,0x00000000f9a00000)
  from space 9728K, 99% used [0x00000000f9a00000,0x00000000fa378020,0x00000000fa380000)
  to   space 9216K, 0% used [0x00000000fa380000,0x00000000fa380000,0x00000000fac80000)
 ParOldGen       total 40960K, used 28462K [0x00000000c0000000, 0x00000000c2800000, 0x00000000eaa80000)
  object space 40960K, 69% used [0x00000000c0000000,0x00000000c1bcb998,0x00000000c2800000)
 PSPermGen       total 45568K, used 31607K [0x00000000b0000000, 0x00000000b2c80000, 0x00000000c0000000)
  object space 45568K, 69% used [0x00000000b0000000,0x00000000b1eddf30,0x00000000b2c80000)
GC Heap History (10 events):
Event: 2.969 GC heap after
Heap after GC invocations=5 (full 0):
 PSYoungGen      total 64000K, used 2532K [0x00000000eaa80000, 0x00000000f3280000, 0x0000000100000000)
  eden space 61440K, 0% used [0x00000000eaa80000,0x00000000eaa80000,0x00000000ee680000)
  from space 2560K, 98% used [0x00000000ee680000,0x00000000ee8f90e0,0x00000000ee900000)
  to   space 8192K, 0% used [0x00000000f2a80000,0x00000000f2a80000,0x00000000f3280000)
 ParOldGen       total 40960K, used 12028K [0x00000000c0000000, 0x00000000c2800000, 0x00000000eaa80000)
  object space 40960K, 29% used [0x00000000c0000000,0x00000000c0bbf1c8,0x00000000c2800000)
 PSPermGen       total 21504K, used 18588K [0x00000000b0000000, 0x00000000b1500000, 0x00000000c0000000)
  object space 21504K, 86% used [0x00000000b0000000,0x00000000b1227040,0x00000000b1500000)
}
Event: 3.251 GC heap before
{Heap before GC invocations=6 (full 0):
 PSYoungGen      total 64000K, used 63972K [0x00000000eaa80000, 0x00000000f3280000, 0x0000000100000000)
  eden space 61440K, 100% used [0x00000000eaa80000,0x00000000ee680000,0x00000000ee680000)
  from space 2560K, 98% used [0x00000000ee680000,0x00000000ee8f90e0,0x00000000ee900000)
  to   space 8192K, 0% used [0x00000000f2a80000,0x00000000f2a80000,0x00000000f3280000)
 ParOldGen       total 40960K, used 12028K [0x00000000c0000000, 0x00000000c2800000, 0x00000000eaa80000)
  object space 40960K, 29% used [0x00000000c0000000,0x00000000c0bbf1c8,0x00000000c2800000)
 PSPermGen       total 21504K, used 18601K [0x00000000b0000000, 0x00000000b1500000, 0x00000000c0000000)
  object space 21504K, 86% used [0x00000000b0000000,0x00000000b122a6e0,0x00000000b1500000)
Event: 3.263 GC heap after
Heap after GC invocations=6 (full 0):
 PSYoungGen      total 131072K, used 2756K [0x00000000eaa80000, 0x00000000f3280000, 0x0000000100000000)
  eden space 122880K, 0% used [0x00000000eaa80000,0x00000000eaa80000,0x00000000f2280000)
  from space 8192K, 33% used [0x00000000f2a80000,0x00000000f2d31100,0x00000000f3280000)
  to   space 8192K, 0% used [0x00000000f2280000,0x00000000f2280000,0x00000000f2a80000)
 ParOldGen       total 40960K, used 12028K [0x00000000c0000000, 0x00000000c2800000, 0x00000000eaa80000)
  object space 40960K, 29% used [0x00000000c0000000,0x00000000c0bbf1c8,0x00000000c2800000)
 PSPermGen       total 21504K, used 18601K [0x00000000b0000000, 0x00000000b1500000, 0x00000000c0000000)
  object space 21504K, 86% used [0x00000000b0000000,0x00000000b122a6e0,0x00000000b1500000)
}
Event: 4.573 GC heap before
{Heap before GC invocations=7 (full 0):
 PSYoungGen      total 131072K, used 125636K [0x00000000eaa80000, 0x00000000f3280000, 0x0000000100000000)
  eden space 122880K, 100% used [0x00000000eaa80000,0x00000000f2280000,0x00000000f2280000)
  from space 8192K, 33% used [0x00000000f2a80000,0x00000000f2d31100,0x00000000f3280000)
  to   space 8192K, 0% used [0x00000000f2280000,0x00000000f2280000,0x00000000f2a80000)
 ParOldGen       total 40960K, used 12028K [0x00000000c0000000, 0x00000000c2800000, 0x00000000eaa80000)
  object space 40960K, 29% used [0x00000000c0000000,0x00000000c0bbf1c8,0x00000000c2800000)
 PSPermGen       total 21504K, used 20755K [0x00000000b0000000, 0x00000000b1500000, 0x00000000c0000000)
  object space 21504K, 96% used [0x00000000b0000000,0x00000000b1444df8,0x00000000b1500000)
Event: 4.603 GC heap after
Heap after GC invocations=7 (full 0):
 PSYoungGen      total 131072K, used 6915K [0x00000000eaa80000, 0x00000000fac80000, 0x0000000100000000)
  eden space 122880K, 0% used [0x00000000eaa80000,0x00000000eaa80000,0x00000000f2280000)
  from space 8192K, 84% used [0x00000000f2280000,0x00000000f2940f20,0x00000000f2a80000)
  to   space 9216K, 0% used [0x00000000fa380000,0x00000000fa380000,0x00000000fac80000)
 ParOldGen       total 40960K, used 12832K [0x00000000c0000000, 0x00000000c2800000, 0x00000000eaa80000)
  object space 40960K, 31% used [0x00000000c0000000,0x00000000c0c88238,0x00000000c2800000)
 PSPermGen       total 21504K, used 20755K [0x00000000b0000000, 0x00000000b1500000, 0x00000000c0000000)
  object space 21504K, 96% used [0x00000000b0000000,0x00000000b1444df8,0x00000000b1500000)
}
Event: 5.345 GC heap before
{Heap before GC invocations=8 (full 0):
 PSYoungGen      total 131072K, used 44587K [0x00000000eaa80000, 0x00000000fac80000, 0x0000000100000000)
  eden space 122880K, 30% used [0x00000000eaa80000,0x00000000ecf49e90,0x00000000f2280000)
  from space 8192K, 84% used [0x00000000f2280000,0x00000000f2940f20,0x00000000f2a80000)
  to   space 9216K, 0% used [0x00000000fa380000,0x00000000fa380000,0x00000000fac80000)
 ParOldGen       total 40960K, used 12832K [0x00000000c0000000, 0x00000000c2800000, 0x00000000eaa80000)
  object space 40960K, 31% used [0x00000000c0000000,0x00000000c0c88238,0x00000000c2800000)
 PSPermGen       total 23040K, used 22676K [0x00000000b0000000, 0x00000000b1680000, 0x00000000c0000000)
  object space 23040K, 98% used [0x00000000b0000000,0x00000000b1625220,0x00000000b1680000)
Event: 5.378 GC heap after
Heap after GC invocations=8 (full 0):
 PSYoungGen      total 254464K, used 7590K [0x00000000eaa80000, 0x00000000fad80000, 0x0000000100000000)
  eden space 245248K, 0% used [0x00000000eaa80000,0x00000000eaa80000,0x00000000f9a00000)
  from space 9216K, 82% used [0x00000000fa380000,0x00000000faae9830,0x00000000fac80000)
  to   space 9728K, 0% used [0x00000000f9a00000,0x00000000f9a00000,0x00000000fa380000)
 ParOldGen       total 40960K, used 13885K [0x00000000c0000000, 0x00000000c2800000, 0x00000000eaa80000)
  object space 40960K, 33% used [0x00000000c0000000,0x00000000c0d8f490,0x00000000c2800000)
 PSPermGen       total 23040K, used 22676K [0x00000000b0000000, 0x00000000b1680000, 0x00000000c0000000)
  object space 23040K, 98% used [0x00000000b0000000,0x00000000b1625220,0x00000000b1680000)
}
Event: 5.378 GC heap before
{Heap before GC invocations=9 (full 1):
 PSYoungGen      total 254464K, used 7590K [0x00000000eaa80000, 0x00000000fad80000, 0x0000000100000000)
  eden space 245248K, 0% used [0x00000000eaa80000,0x00000000eaa80000,0x00000000f9a00000)
  from space 9216K, 82% used [0x00000000fa380000,0x00000000faae9830,0x00000000fac80000)
  to   space 9728K, 0% used [0x00000000f9a00000,0x00000000f9a00000,0x00000000fa380000)
 ParOldGen       total 40960K, used 13885K [0x00000000c0000000, 0x00000000c2800000, 0x00000000eaa80000)
  object space 40960K, 33% used [0x00000000c0000000,0x00000000c0d8f490,0x00000000c2800000)
 PSPermGen       total 23040K, used 22676K [0x00000000b0000000, 0x00000000b1680000, 0x00000000c0000000)
  object space 23040K, 98% used [0x00000000b0000000,0x00000000b1625220,0x00000000b1680000)
Event: 5.598 GC heap after
Heap after GC invocations=9 (full 1):
 PSYoungGen      total 254464K, used 0K [0x00000000eaa80000, 0x00000000fad80000, 0x0000000100000000)
  eden space 245248K, 0% used [0x00000000eaa80000,0x00000000eaa80000,0x00000000f9a00000)
  from space 9216K, 0% used [0x00000000fa380000,0x00000000fa380000,0x00000000fac80000)
  to   space 9728K, 0% used [0x00000000f9a00000,0x00000000f9a00000,0x00000000fa380000)
 ParOldGen       total 40960K, used 16352K [0x00000000c0000000, 0x00000000c2800000, 0x00000000eaa80000)
  object space 40960K, 39% used [0x00000000c0000000,0x00000000c0ff81d8,0x00000000c2800000)
 PSPermGen       total 45568K, used 22667K [0x00000000b0000000, 0x00000000b2c80000, 0x00000000c0000000)
  object space 45568K, 49% used [0x00000000b0000000,0x00000000b1622f58,0x00000000b2c80000)
}
Event: 19.191 GC heap before
{Heap before GC invocations=10 (full 1):
 PSYoungGen      total 254464K, used 245248K [0x00000000eaa80000, 0x00000000fad80000, 0x0000000100000000)
  eden space 245248K, 100% used [0x00000000eaa80000,0x00000000f9a00000,0x00000000f9a00000)
  from space 9216K, 0% used [0x00000000fa380000,0x00000000fa380000,0x00000000fac80000)
  to   space 9728K, 0% used [0x00000000f9a00000,0x00000000f9a00000,0x00000000fa380000)
 ParOldGen       total 40960K, used 16352K [0x00000000c0000000, 0x00000000c2800000, 0x00000000eaa80000)
  object space 40960K, 39% used [0x00000000c0000000,0x00000000c0ff81d8,0x00000000c2800000)
 PSPermGen       total 45568K, used 31607K [0x00000000b0000000, 0x00000000b2c80000, 0x00000000c0000000)
  object space 45568K, 69% used [0x00000000b0000000,0x00000000b1eddf30,0x00000000b2c80000)

